# JRE version: OpenJDK Runtime Environment (8.0_242-b01) (build 1.8.0_242-release-1644-b01)
# Java VM: OpenJDK 64-Bit Server VM (25.242-b01 mixed mode windows-amd64 compressed oops)
Heap:
 PSYoungGen      total 337408K, used 300866K [0x00000000e0000000, 0x0000000100000000, 0x0000000100000000)
  eden space 175104K, 100% used [0x00000000e0000000,0x00000000eab00000,0x00000000eab00000)
  from space 162304K, 77% used [0x00000000f5d00000,0x00000000fd7d0b98,0x00000000ffb80000)
  to   space 174592K, 58% used [0x00000000eab00000,0x00000000f0f8b368,0x00000000f5580000)
 ParOldGen       total 1048576K, used 634719K [0x00000000a0000000, 0x00000000e0000000, 0x00000000e0000000)
  object space 1048576K, 60% used [0x00000000a0000000,0x00000000c6bd7c60,0x00000000e0000000)
 Metaspace       used 178438K, capacity 193794K, committed 195736K, reserved 1218560K
  class space    used 22422K, capacity 25704K, committed 26032K, reserved 1048576K
GC Heap History (10 events):
Event: 5748.205 GC heap after
Heap after GC invocations=535 (full 41):
 PSYoungGen      total 350720K, used 17034K [0x00000000e0000000, 0x00000000ffb00000, 0x0000000100000000)
  eden space 180224K, 0% used [0x00000000e0000000,0x00000000e0000000,0x00000000eb000000)
  from space 170496K, 9% used [0x00000000f5480000,0x00000000f6522b28,0x00000000ffb00000)
  to   space 168448K, 0% used [0x00000000eb000000,0x00000000eb000000,0x00000000f5480000)
 ParOldGen       total 1048576K, used 625407K [0x00000000a0000000, 0x00000000e0000000, 0x00000000e0000000)
  object space 1048576K, 59% used [0x00000000a0000000,0x00000000c62bfd40,0x00000000e0000000)
 Metaspace       used 178436K, capacity 193794K, committed 195736K, reserved 1218560K
  class space    used 22422K, capacity 25704K, committed 26032K, reserved 1048576K
}
Event: 5748.409 GC heap before
{Heap before GC invocations=536 (full 41):
 PSYoungGen      total 350720K, used 197258K [0x00000000e0000000, 0x00000000ffb00000, 0x0000000100000000)
  eden space 180224K, 100% used [0x00000000e0000000,0x00000000eb000000,0x00000000eb000000)
  from space 170496K, 9% used [0x00000000f5480000,0x00000000f6522b28,0x00000000ffb00000)
  to   space 168448K, 0% used [0x00000000eb000000,0x00000000eb000000,0x00000000f5480000)
 ParOldGen       total 1048576K, used 625407K [0x00000000a0000000, 0x00000000e0000000, 0x00000000e0000000)
  object space 1048576K, 59% used [0x00000000a0000000,0x00000000c62bfd40,0x00000000e0000000)
 Metaspace       used 178436K, capacity 193794K, committed 195736K, reserved 1218560K
  class space    used 22422K, capacity 25704K, committed 26032K, reserved 1048576K
Event: 5748.431 GC heap after
Heap after GC invocations=536 (full 41):
 PSYoungGen      total 198656K, used 18030K [0x00000000e0000000, 0x00000000ff200000, 0x0000000100000000)
  eden space 180224K, 0% used [0x00000000e0000000,0x00000000e0000000,0x00000000eb000000)
  from space 18432K, 97% used [0x00000000eb000000,0x00000000ec19ba50,0x00000000ec200000)
  to   space 162304K, 0% used [0x00000000f5380000,0x00000000f5380000,0x00000000ff200000)
 ParOldGen       total 1048576K, used 625407K [0x00000000a0000000, 0x00000000e0000000, 0x00000000e0000000)
  object space 1048576K, 59% used [0x00000000a0000000,0x00000000c62bfd40,0x00000000e0000000)
 Metaspace       used 178436K, capacity 193794K, committed 195736K, reserved 1218560K
  class space    used 22422K, capacity 25704K, committed 26032K, reserved 1048576K
}
Event: 5749.115 GC heap before
{Heap before GC invocations=537 (full 41):
 PSYoungGen      total 198656K, used 198254K [0x00000000e0000000, 0x00000000ff200000, 0x0000000100000000)
  eden space 180224K, 100% used [0x00000000e0000000,0x00000000eb000000,0x00000000eb000000)
  from space 18432K, 97% used [0x00000000eb000000,0x00000000ec19ba50,0x00000000ec200000)
  to   space 162304K, 0% used [0x00000000f5380000,0x00000000f5380000,0x00000000ff200000)
 ParOldGen       total 1048576K, used 625407K [0x00000000a0000000, 0x00000000e0000000, 0x00000000e0000000)
  object space 1048576K, 59% used [0x00000000a0000000,0x00000000c62bfd40,0x00000000e0000000)
 Metaspace       used 178436K, capacity 193794K, committed 195736K, reserved 1218560K
  class space    used 22422K, capacity 25704K, committed 26032K, reserved 1048576K
Event: 5749.152 GC heap after
Heap after GC invocations=537 (full 41):
 PSYoungGen      total 338432K, used 60004K [0x00000000e0000000, 0x00000000fe700000, 0x0000000100000000)
  eden space 187392K, 0% used [0x00000000e0000000,0x00000000e0000000,0x00000000eb700000)
  from space 151040K, 39% used [0x00000000f5380000,0x00000000f8e19350,0x00000000fe700000)
  to   space 155648K, 0% used [0x00000000eb700000,0x00000000eb700000,0x00000000f4f00000)
 ParOldGen       total 1048576K, used 625407K [0x00000000a0000000, 0x00000000e0000000, 0x00000000e0000000)
  object space 1048576K, 59% used [0x00000000a0000000,0x00000000c62bfd40,0x00000000e0000000)
 Metaspace       used 178436K, capacity 193794K, committed 195736K, reserved 1218560K
  class space    used 22422K, capacity 25704K, committed 26032K, reserved 1048576K
}
Event: 5749.662 GC heap before
{Heap before GC invocations=538 (full 41):
 PSYoungGen      total 338432K, used 247396K [0x00000000e0000000, 0x00000000fe700000, 0x0000000100000000)
  eden space 187392K, 100% used [0x00000000e0000000,0x00000000eb700000,0x00000000eb700000)
  from space 151040K, 39% used [0x00000000f5380000,0x00000000f8e19350,0x00000000fe700000)
  to   space 155648K, 0% used [0x00000000eb700000,0x00000000eb700000,0x00000000f4f00000)
 ParOldGen       total 1048576K, used 625407K [0x00000000a0000000, 0x00000000e0000000, 0x00000000e0000000)
  object space 1048576K, 59% used [0x00000000a0000000,0x00000000c62bfd40,0x00000000e0000000)
 Metaspace       used 178436K, capacity 193794K, committed 195736K, reserved 1218560K
  class space    used 22422K, capacity 25704K, committed 26032K, reserved 1048576K
Event: 5749.705 GC heap after
Heap after GC invocations=538 (full 41):
 PSYoungGen      total 343040K, used 96923K [0x00000000e0000000, 0x00000000ffb80000, 0x0000000100000000)
  eden space 187392K, 0% used [0x00000000e0000000,0x00000000e0000000,0x00000000eb700000)
  from space 155648K, 62% used [0x00000000eb700000,0x00000000f15a6c28,0x00000000f4f00000)
  to   space 162304K, 0% used [0x00000000f5d00000,0x00000000f5d00000,0x00000000ffb80000)
 ParOldGen       total 1048576K, used 625407K [0x00000000a0000000, 0x00000000e0000000, 0x00000000e0000000)
  object space 1048576K, 59% used [0x00000000a0000000,0x00000000c62bfd40,0x00000000e0000000)
 Metaspace       used 178436K, capacity 193794K, committed 195736K, reserved 1218560K
  class space    used 22422K, capacity 25704K, committed 26032K, reserved 1048576K
}
Event: 5750.116 GC heap before
{Heap before GC invocations=539 (full 41):
 PSYoungGen      total 343040K, used 284315K [0x00000000e0000000, 0x00000000ffb80000, 0x0000000100000000)
  eden space 187392K, 100% used [0x00000000e0000000,0x00000000eb700000,0x00000000eb700000)
  from space 155648K, 62% used [0x00000000eb700000,0x00000000f15a6c28,0x00000000f4f00000)
  to   space 162304K, 0% used [0x00000000f5d00000,0x00000000f5d00000,0x00000000ffb80000)
 ParOldGen       total 1048576K, used 625407K [0x00000000a0000000, 0x00000000e0000000, 0x00000000e0000000)
  object space 1048576K, 59% used [0x00000000a0000000,0x00000000c62bfd40,0x00000000e0000000)
 Metaspace       used 178438K, capacity 193794K, committed 195736K, reserved 1218560K
  class space    used 22422K, capacity 25704K, committed 26032K, reserved 1048576K
Event: 5750.168 GC heap after
Heap after GC invocations=539 (full 41):
 PSYoungGen      total 337408K, used 125762K [0x00000000e0000000, 0x0000000100000000, 0x0000000100000000)
  eden space 175104K, 0% used [0x00000000e0000000,0x00000000e0000000,0x00000000eab00000)
  from space 162304K, 77% used [0x00000000f5d00000,0x00000000fd7d0b98,0x00000000ffb80000)
  to   space 174592K, 0% used [0x00000000eab00000,0x00000000eab00000,0x00000000f5580000)
 ParOldGen       total 1048576K, used 625407K [0x00000000a0000000, 0x00000000e0000000, 0x00000000e0000000)
  object space 1048576K, 59% used [0x00000000a0000000,0x00000000c62bfd40,0x00000000e0000000)
 Metaspace       used 178438K, capacity 193794K, committed 195736K, reserved 1218560K
  class space    used 22422K, capacity 25704K, committed 26032K, reserved 1048576K
}
Event: 5750.321 GC heap before
{Heap before GC invocations=540 (full 41):
 PSYoungGen      total 337408K, used 300866K [0x00000000e0000000, 0x0000000100000000, 0x0000000100000000)
  eden space 175104K, 100% used [0x00000000e0000000,0x00000000eab00000,0x00000000eab00000)
  from space 162304K, 77% used [0x00000000f5d00000,0x00000000fd7d0b98,0x00000000ffb80000)
  to   space 174592K, 0% used [0x00000000eab00000,0x00000000eab00000,0x00000000f5580000)
 ParOldGen       total 1048576K, used 625407K [0x00000000a0000000, 0x00000000e0000000, 0x00000000e0000000)
  object space 1048576K, 59% used [0x00000000a0000000,0x00000000c62bfd40,0x00000000e0000000)
 Metaspace       used 178438K, capacity 193794K, committed 195736K, reserved 1218560K
  class space    used 22422K, capacity 25704K, committed 26032K, reserved 1048576K

