# JRE version: OpenJDK Runtime Environment (8.0_242-b01) (build 1.8.0_242-release-1644-b01)
# Java VM: OpenJDK 64-Bit Server VM (25.242-b01 mixed mode windows-amd64 compressed oops)
Heap:
 PSYoungGen      total 153088K, used 151916K [0x00000000e0000000, 0x00000000eb880000, 0x0000000100000000)
  eden space 138752K, 100% used [0x00000000e0000000,0x00000000e8780000,0x00000000e8780000)
  from space 14336K, 91% used [0x00000000e8780000,0x00000000e945b010,0x00000000e9580000)
  to   space 16384K, 99% used [0x00000000ea880000,0x00000000eb878d48,0x00000000eb880000)
 ParOldGen       total 74240K, used 24163K [0x00000000a0000000, 0x00000000a4880000, 0x00000000e0000000)
  object space 74240K, 32% used [0x00000000a0000000,0x00000000a1798c70,0x00000000a4880000)
 Metaspace       used 55798K, capacity 58430K, committed 58792K, reserved 1099776K
  class space    used 7655K, capacity 8251K, committed 8360K, reserved 1048576K
GC Heap History (10 events):
Event: 11.717 GC heap after
Heap after GC invocations=11 (full 1):
 PSYoungGen      total 104448K, used 9666K [0x00000000e0000000, 0x00000000e7480000, 0x0000000100000000)
  eden space 92672K, 0% used [0x00000000e0000000,0x00000000e0000000,0x00000000e5a80000)
  from space 11776K, 82% used [0x00000000e6700000,0x00000000e7070b90,0x00000000e7280000)
  to   space 12800K, 0% used [0x00000000e5a80000,0x00000000e5a80000,0x00000000e6700000)
 ParOldGen       total 47104K, used 8058K [0x00000000a0000000, 0x00000000a2e00000, 0x00000000e0000000)
  object space 47104K, 17% used [0x00000000a0000000,0x00000000a07deb78,0x00000000a2e00000)
 Metaspace       used 33924K, capacity 34812K, committed 34864K, reserved 1079296K
  class space    used 4632K, capacity 4904K, committed 4912K, reserved 1048576K
}
Event: 12.037 GC heap before
{Heap before GC invocations=12 (full 1):
 PSYoungGen      total 104448K, used 20456K [0x00000000e0000000, 0x00000000e7480000, 0x0000000100000000)
  eden space 92672K, 11% used [0x00000000e0000000,0x00000000e0a896c8,0x00000000e5a80000)
  from space 11776K, 82% used [0x00000000e6700000,0x00000000e7070b90,0x00000000e7280000)
  to   space 12800K, 0% used [0x00000000e5a80000,0x00000000e5a80000,0x00000000e6700000)
 ParOldGen       total 47104K, used 8058K [0x00000000a0000000, 0x00000000a2e00000, 0x00000000e0000000)
  object space 47104K, 17% used [0x00000000a0000000,0x00000000a07deb78,0x00000000a2e00000)
 Metaspace       used 34497K, capacity 35406K, committed 35496K, reserved 1079296K
  class space    used 4702K, capacity 4943K, committed 5032K, reserved 1048576K
Event: 12.061 GC heap after
Heap after GC invocations=12 (full 1):
 PSYoungGen      total 105472K, used 1264K [0x00000000e0000000, 0x00000000ea400000, 0x0000000100000000)
  eden space 92672K, 0% used [0x00000000e0000000,0x00000000e0000000,0x00000000e5a80000)
  from space 12800K, 9% used [0x00000000e5a80000,0x00000000e5bbc1b8,0x00000000e6700000)
  to   space 12800K, 0% used [0x00000000e9780000,0x00000000e9780000,0x00000000ea400000)
 ParOldGen       total 47104K, used 15127K [0x00000000a0000000, 0x00000000a2e00000, 0x00000000e0000000)
  object space 47104K, 32% used [0x00000000a0000000,0x00000000a0ec5c08,0x00000000a2e00000)
 Metaspace       used 34497K, capacity 35406K, committed 35496K, reserved 1079296K
  class space    used 4702K, capacity 4943K, committed 5032K, reserved 1048576K
}
Event: 12.061 GC heap before
{Heap before GC invocations=13 (full 2):
 PSYoungGen      total 105472K, used 1264K [0x00000000e0000000, 0x00000000ea400000, 0x0000000100000000)
  eden space 92672K, 0% used [0x00000000e0000000,0x00000000e0000000,0x00000000e5a80000)
  from space 12800K, 9% used [0x00000000e5a80000,0x00000000e5bbc1b8,0x00000000e6700000)
  to   space 12800K, 0% used [0x00000000e9780000,0x00000000e9780000,0x00000000ea400000)
 ParOldGen       total 47104K, used 15127K [0x00000000a0000000, 0x00000000a2e00000, 0x00000000e0000000)
  object space 47104K, 32% used [0x00000000a0000000,0x00000000a0ec5c08,0x00000000a2e00000)
 Metaspace       used 34497K, capacity 35406K, committed 35496K, reserved 1079296K
  class space    used 4702K, capacity 4943K, committed 5032K, reserved 1048576K
Event: 12.294 GC heap after
Heap after GC invocations=13 (full 2):
 PSYoungGen      total 105472K, used 0K [0x00000000e0000000, 0x00000000ea400000, 0x0000000100000000)
  eden space 92672K, 0% used [0x00000000e0000000,0x00000000e0000000,0x00000000e5a80000)
  from space 12800K, 0% used [0x00000000e5a80000,0x00000000e5a80000,0x00000000e6700000)
  to   space 12800K, 0% used [0x00000000e9780000,0x00000000e9780000,0x00000000ea400000)
 ParOldGen       total 74240K, used 16012K [0x00000000a0000000, 0x00000000a4880000, 0x00000000e0000000)
  object space 74240K, 21% used [0x00000000a0000000,0x00000000a0fa3248,0x00000000a4880000)
 Metaspace       used 34497K, capacity 35406K, committed 35496K, reserved 1079296K
  class space    used 4702K, capacity 4943K, committed 5032K, reserved 1048576K
}
Event: 15.755 GC heap before
{Heap before GC invocations=14 (full 2):
 PSYoungGen      total 105472K, used 92672K [0x00000000e0000000, 0x00000000ea400000, 0x0000000100000000)
  eden space 92672K, 100% used [0x00000000e0000000,0x00000000e5a80000,0x00000000e5a80000)
  from space 12800K, 0% used [0x00000000e5a80000,0x00000000e5a80000,0x00000000e6700000)
  to   space 12800K, 0% used [0x00000000e9780000,0x00000000e9780000,0x00000000ea400000)
 ParOldGen       total 74240K, used 16012K [0x00000000a0000000, 0x00000000a4880000, 0x00000000e0000000)
  object space 74240K, 21% used [0x00000000a0000000,0x00000000a0fa3248,0x00000000a4880000)
 Metaspace       used 42798K, capacity 44380K, committed 44584K, reserved 1087488K
  class space    used 5780K, capacity 6172K, committed 6184K, reserved 1048576K
Event: 15.793 GC heap after
Heap after GC invocations=14 (full 2):
 PSYoungGen      total 134144K, used 11898K [0x00000000e0000000, 0x00000000ea380000, 0x0000000100000000)
  eden space 121856K, 0% used [0x00000000e0000000,0x00000000e0000000,0x00000000e7700000)
  from space 12288K, 96% used [0x00000000e9780000,0x00000000ea31e9f0,0x00000000ea380000)
  to   space 14336K, 0% used [0x00000000e8780000,0x00000000e8780000,0x00000000e9580000)
 ParOldGen       total 74240K, used 16020K [0x00000000a0000000, 0x00000000a4880000, 0x00000000e0000000)
  object space 74240K, 21% used [0x00000000a0000000,0x00000000a0fa5248,0x00000000a4880000)
 Metaspace       used 42798K, capacity 44380K, committed 44584K, reserved 1087488K
  class space    used 5780K, capacity 6172K, committed 6184K, reserved 1048576K
}
Event: 18.856 GC heap before
{Heap before GC invocations=15 (full 2):
 PSYoungGen      total 134144K, used 133754K [0x00000000e0000000, 0x00000000ea380000, 0x0000000100000000)
  eden space 121856K, 100% used [0x00000000e0000000,0x00000000e7700000,0x00000000e7700000)
  from space 12288K, 96% used [0x00000000e9780000,0x00000000ea31e9f0,0x00000000ea380000)
  to   space 14336K, 0% used [0x00000000e8780000,0x00000000e8780000,0x00000000e9580000)
 ParOldGen       total 74240K, used 16020K [0x00000000a0000000, 0x00000000a4880000, 0x00000000e0000000)
  object space 74240K, 21% used [0x00000000a0000000,0x00000000a0fa5248,0x00000000a4880000)
 Metaspace       used 49444K, capacity 51332K, committed 51368K, reserved 1093632K
  class space    used 6590K, capacity 7069K, committed 7080K, reserved 1048576K
Event: 18.887 GC heap after
Heap after GC invocations=15 (full 2):
 PSYoungGen      total 153088K, used 13164K [0x00000000e0000000, 0x00000000eb880000, 0x0000000100000000)
  eden space 138752K, 0% used [0x00000000e0000000,0x00000000e0000000,0x00000000e8780000)
  from space 14336K, 91% used [0x00000000e8780000,0x00000000e945b010,0x00000000e9580000)
  to   space 16384K, 0% used [0x00000000ea880000,0x00000000ea880000,0x00000000eb880000)
 ParOldGen       total 74240K, used 21931K [0x00000000a0000000, 0x00000000a4880000, 0x00000000e0000000)
  object space 74240K, 29% used [0x00000000a0000000,0x00000000a156ac70,0x00000000a4880000)
 Metaspace       used 49444K, capacity 51332K, committed 51368K, reserved 1093632K
  class space    used 6590K, capacity 7069K, committed 7080K, reserved 1048576K
}
Event: 21.993 GC heap before
{Heap before GC invocations=16 (full 2):
 PSYoungGen      total 153088K, used 151916K [0x00000000e0000000, 0x00000000eb880000, 0x0000000100000000)
  eden space 138752K, 100% used [0x00000000e0000000,0x00000000e8780000,0x00000000e8780000)
  from space 14336K, 91% used [0x00000000e8780000,0x00000000e945b010,0x00000000e9580000)
  to   space 16384K, 0% used [0x00000000ea880000,0x00000000ea880000,0x00000000eb880000)
 ParOldGen       total 74240K, used 21931K [0x00000000a0000000, 0x00000000a4880000, 0x00000000e0000000)
  object space 74240K, 29% used [0x00000000a0000000,0x00000000a156ac70,0x00000000a4880000)
 Metaspace       used 55798K, capacity 58430K, committed 58792K, reserved 1099776K
  class space    used 7655K, capacity 8251K, committed 8360K, reserved 1048576K

